{"/home/andra/Documents/2021_Project_Andra Kurniahadi/2021-03-19_Technical Test by. Eigen/jest-learn/cloneArray.js": {"path":"/home/andra/Documents/2021_Project_Andra Kurniahadi/2021-03-19_Technical Test by. Eigen/jest-learn/cloneArray.js","statementMap":{"0":{"start":{"line":2,"column":4},"end":{"line":2,"column":20}},"1":{"start":{"line":5,"column":0},"end":{"line":5,"column":27}}},"fnMap":{"0":{"name":"cloneArray","decl":{"start":{"line":1,"column":9},"end":{"line":1,"column":19}},"loc":{"start":{"line":1,"column":27},"end":{"line":3,"column":1}},"line":1}},"branchMap":{},"s":{"0":2,"1":1},"f":{"0":2},"b":{},"_coverageSchema":"1a1c01bbd47fc00a2c39e90264f33305004495a9","hash":"ce13478a450c0d58bba77224ecf202e4cbf12cdc"}
,"/home/andra/Documents/2021_Project_Andra Kurniahadi/2021-03-19_Technical Test by. Eigen/jest-learn/substract.js": {"path":"/home/andra/Documents/2021_Project_Andra Kurniahadi/2021-03-19_Technical Test by. Eigen/jest-learn/substract.js","statementMap":{"0":{"start":{"line":2,"column":4},"end":{"line":2,"column":14}},"1":{"start":{"line":5,"column":0},"end":{"line":5,"column":26}}},"fnMap":{"0":{"name":"substract","decl":{"start":{"line":1,"column":9},"end":{"line":1,"column":18}},"loc":{"start":{"line":1,"column":25},"end":{"line":3,"column":1}},"line":1}},"branchMap":{},"s":{"0":1,"1":1},"f":{"0":1},"b":{},"_coverageSchema":"1a1c01bbd47fc00a2c39e90264f33305004495a9","hash":"724ff74389d0344fc2f0ccbdd9336c17d98849ce"}
,"/home/andra/Documents/2021_Project_Andra Kurniahadi/2021-03-19_Technical Test by. Eigen/jest-learn/sum.js": {"path":"/home/andra/Documents/2021_Project_Andra Kurniahadi/2021-03-19_Technical Test by. Eigen/jest-learn/sum.js","statementMap":{"0":{"start":{"line":2,"column":4},"end":{"line":2,"column":16}},"1":{"start":{"line":5,"column":0},"end":{"line":5,"column":20}}},"fnMap":{"0":{"name":"sum","decl":{"start":{"line":1,"column":9},"end":{"line":1,"column":12}},"loc":{"start":{"line":1,"column":18},"end":{"line":3,"column":1}},"line":1}},"branchMap":{},"s":{"0":1,"1":1},"f":{"0":1},"b":{},"_coverageSchema":"1a1c01bbd47fc00a2c39e90264f33305004495a9","hash":"357e4486af2ef6a4e9bdca74d9de22fa942201a2"}
}
